<?xml version="1.0" encoding="UTF-8"?><testsuite errors="0" failures="1" name="Book accommodation without login" skipped="0" tests="1" time="33.96" timestamp="2023-09-27 05:38:14"><testcase name="Book accommodation"><failure message="Expected condition failed: waiting for By.xpath: //span[contains(text(),'Categoría del alojamiento (más baja primero)')] to be present (tried for 5 second(s) with 100 milliseconds interval)&#10;Build info: version: '3.141.59', revision: 'e82be7d358', time: '2018-11-14T08:17:03'&#10;System info: host: 'LAPTOP-INOPPR5L', ip: '172.18.1.206', os.name: 'Windows 10', os.arch: 'amd64', os.version: '10.0', java.version: '11.0.20.1'&#10;Driver info: driver.version: unknown" type="net.thucydides.core.webdriver.exceptions.ElementShouldBePresentException">Expected condition failed: waiting for By.xpath: //span[contains(text(),'Categoría del alojamiento (más baja primero)')] to be present (tried for 5 second(s) with 100 milliseconds interval)
Build info: version: '3.141.59', revision: 'e82be7d358', time: '2018-11-14T08:17:03'
System info: host: 'LAPTOP-INOPPR5L', ip: '172.18.1.206', os.name: 'Windows 10', os.arch: 'amd64', os.version: '10.0', java.version: '11.0.20.1'
Driver info: driver.version: unknown</failure><system-err>Expected condition failed: waiting for By.xpath: //span[contains(text(),'Categoría del alojamiento (más baja primero)')] to be present (tried for 5 second(s) with 100 milliseconds interval)
Build info: version: '3.141.59', revision: 'e82be7d358', time: '2018-11-14T08:17:03'
System info: host: 'LAPTOP-INOPPR5L', ip: '172.18.1.206', os.name: 'Windows 10', os.arch: 'amd64', os.version: '10.0', java.version: '11.0.20.1'
Driver info: driver.version: unknown&#13;
com.co.senasoft.tasks.ReserverAccommodationTask.performAs(ReserverAccommodationTask.java:16)&#13;
com.co.senasoft.stepsdefinition.ReserverAccommodationStepDefinition.theUserConsultationTheReservationToCarryOut(ReserverAccommodationStepDefinition.java:41)&#13;
io.cucumber.java.Invoker.doInvoke(Invoker.java:66)&#13;
io.cucumber.java.Invoker.invoke(Invoker.java:24)&#13;
io.cucumber.java.AbstractGlueDefinition.invokeMethod(AbstractGlueDefinition.java:47)&#13;
io.cucumber.java.JavaStepDefinition.execute(JavaStepDefinition.java:29)&#13;
io.cucumber.core.runner.CoreStepDefinition.execute(CoreStepDefinition.java:66)&#13;
io.cucumber.core.runner.PickleStepDefinitionMatch.runStep(PickleStepDefinitionMatch.java:63)&#13;
io.cucumber.core.runner.TestStep.executeStep(TestStep.java:92)&#13;
io.cucumber.core.runner.TestStep.run(TestStep.java:64)&#13;
io.cucumber.core.runner.PickleStepTestStep.run(PickleStepTestStep.java:51)&#13;
io.cucumber.core.runner.TestCase.run(TestCase.java:104)&#13;
io.cucumber.core.runner.Runner.runPickle(Runner.java:73)&#13;
io.cucumber.junit.FeatureRunner.runChild(FeatureRunner.java:135)&#13;
io.cucumber.junit.FeatureRunner.runChild(FeatureRunner.java:27)&#13;
io.cucumber.junit.CucumberSerenityRunner.runChild(CucumberSerenityRunner.java:258)&#13;
io.cucumber.junit.CucumberSerenityRunner.runChild(CucumberSerenityRunner.java:57)&#13;
</system-err></testcase></testsuite>